2025-04-30 16:04:43,773 [INFO] Activator:176 - 


2025-04-30 16:04:43,783 [INFO] Activator:177 - !SESSION log4j initialized
2025-04-30 16:04:52,404 [INFO] LogOutputStream:77 - [STDOUT_REDIRECT] 
2025-04-30 16:04:53,965 [INFO] ApplicationProperties:184 - Using Application install path: C:\ST\STM32CubeIDE_1.18.0\STM32CubeIDE\plugins\com.st.stm32cube.common.mx_6.14.1.202504091515
2025-04-30 16:04:53,994 [INFO] DbMcusXml:78 - Set database path to: C:\ST\STM32CubeIDE_1.18.0\STM32CubeIDE\plugins\com.st.stm32cube.common.mx_6.14.1.202504091515\\db\/mcu/
2025-04-30 16:04:53,995 [INFO] ApiDb:274 - Set plugin database path to: C:\ST\STM32CubeIDE_1.18.0\STM32CubeIDE\plugins\com.st.stm32cube.common.mx_6.14.1.202504091515\\db\/plugins/boardmanager/
2025-04-30 16:04:53,995 [WARN] ApiDb:259 - Overriding images path with different value:  => C:\ST\STM32CubeIDE_1.18.0\STM32CubeIDE\plugins\com.st.stm32cube.common.mx_6.14.1.202504091515\\db\/plugins/mcufinder/images/
2025-04-30 16:04:54,012 [INFO] ApiDb:250 - Set database path to: C:\Users\yttey\.stmcufinder\plugins\mcufinder//mcu/
2025-04-30 16:04:54,014 [INFO] DbMcusAds:125 - Set database path to: C:\Users\yttey\.stmcufinder\plugins\mcufinder//mcu/
2025-04-30 16:04:54,018 [INFO] CrossReferenceDbSqlite:203 - Set database path to: C:\Users\yttey\.stmcufinder\plugins\mcufinder//mcu/cs/
2025-04-30 16:04:54,214 [INFO] RulesReader:64 - Compatibility file has been processed (302 Rules)
2025-04-30 16:04:54,367 [INFO] DbMcusXml:78 - Set database path to: C:\ST\STM32CubeIDE_1.18.0\STM32CubeIDE\plugins\com.st.stm32cube.common.mx_6.14.1.202504091515\\db\/mcu/
2025-04-30 16:04:54,367 [INFO] ApiDb:274 - Set plugin database path to: C:\ST\STM32CubeIDE_1.18.0\STM32CubeIDE\plugins\com.st.stm32cube.common.mx_6.14.1.202504091515\\db\/plugins/boardmanager/
2025-04-30 16:04:54,367 [INFO] ApiDb:261 - Set plugin images path to: C:\ST\STM32CubeIDE_1.18.0\STM32CubeIDE\plugins\com.st.stm32cube.common.mx_6.14.1.202504091515\\db\/plugins/mcufinder/images/
2025-04-30 16:04:54,368 [WARN] DbFile:41 - Overriding database path with different value: C:\Users\yttey\.stmcufinder\plugins\mcufinder/ => C:\Users\yttey\.stmcufinder\plugins\mcufinder
2025-04-30 16:04:54,368 [INFO] ApiDb:250 - Set database path to: C:\Users\yttey\.stmcufinder\plugins\mcufinder//mcu/
2025-04-30 16:04:54,368 [WARN] DbFile:41 - Overriding database path with different value: C:\Users\yttey\.stmcufinder\plugins\mcufinder/ => C:\Users\yttey\.stmcufinder\plugins\mcufinder
2025-04-30 16:04:54,368 [INFO] DbMcusAds:125 - Set database path to: C:\Users\yttey\.stmcufinder\plugins\mcufinder//mcu/
2025-04-30 16:04:54,369 [WARN] DbFile:41 - Overriding database path with different value: C:\Users\yttey\.stmcufinder\plugins\mcufinder/ => C:\Users\yttey\.stmcufinder\plugins\mcufinder
2025-04-30 16:04:54,369 [WARN] DbFile:41 - Overriding database path with different value: C:\Users\yttey\.stmcufinder\plugins\mcufinder/ => C:\Users\yttey\.stmcufinder\plugins\mcufinder
2025-04-30 16:04:54,369 [INFO] CrossReferenceDbSqlite:203 - Set database path to: C:\Users\yttey\.stmcufinder\plugins\mcufinder//mcu/cs/
2025-04-30 16:04:54,510 [INFO] MainPanel:272 - HeapMemory: 268435456
2025-04-30 16:04:54,742 [INFO] DbMcusXml:78 - Set database path to: C:\ST\STM32CubeIDE_1.18.0\STM32CubeIDE\plugins\com.st.stm32cube.common.mx_6.14.1.202504091515\\db\/mcu/
2025-04-30 16:04:54,742 [INFO] ApiDb:274 - Set plugin database path to: C:\ST\STM32CubeIDE_1.18.0\STM32CubeIDE\plugins\com.st.stm32cube.common.mx_6.14.1.202504091515\\db\/plugins/boardmanager/
2025-04-30 16:04:54,742 [INFO] ApiDb:261 - Set plugin images path to: C:\ST\STM32CubeIDE_1.18.0\STM32CubeIDE\plugins\com.st.stm32cube.common.mx_6.14.1.202504091515\\db\/plugins/mcufinder/images/
2025-04-30 16:04:54,743 [WARN] DbFile:41 - Overriding database path with different value: C:\Users\yttey\.stmcufinder\plugins\mcufinder/ => C:\Users\yttey\.stmcufinder\plugins\mcufinder
2025-04-30 16:04:54,743 [INFO] ApiDb:250 - Set database path to: C:\Users\yttey\.stmcufinder\plugins\mcufinder//mcu/
2025-04-30 16:04:54,743 [WARN] DbFile:41 - Overriding database path with different value: C:\Users\yttey\.stmcufinder\plugins\mcufinder/ => C:\Users\yttey\.stmcufinder\plugins\mcufinder
2025-04-30 16:04:54,743 [INFO] DbMcusAds:125 - Set database path to: C:\Users\yttey\.stmcufinder\plugins\mcufinder//mcu/
2025-04-30 16:04:54,743 [WARN] DbFile:41 - Overriding database path with different value: C:\Users\yttey\.stmcufinder\plugins\mcufinder/ => C:\Users\yttey\.stmcufinder\plugins\mcufinder
2025-04-30 16:04:54,743 [WARN] DbFile:41 - Overriding database path with different value: C:\Users\yttey\.stmcufinder\plugins\mcufinder/ => C:\Users\yttey\.stmcufinder\plugins\mcufinder
2025-04-30 16:04:54,744 [INFO] CrossReferenceDbSqlite:203 - Set database path to: C:\Users\yttey\.stmcufinder\plugins\mcufinder//mcu/cs/
2025-04-30 16:04:54,777 [INFO] ApplicationProperties:184 - Using Application install path: C:\ST\STM32CubeIDE_1.18.0\STM32CubeIDE\plugins\com.st.stm32cube.common.mx_6.14.1.202504091515
2025-04-30 16:04:54,778 [INFO] PluginManage:196 - Search for loadable plugins [exclusion list=, ]
2025-04-30 16:04:54,780 [INFO] PluginManage:310 - Check plugin analytics
2025-04-30 16:04:55,057 [INFO] AnalyticsPlugin:253 - Accepted Software Licenses: 
2025-04-30 16:04:55,058 [INFO] AnalyticsPlugin:255 - Accepted CMSIS Pack Licenses: 
2025-04-30 16:04:55,058 [INFO] AnalyticsPlugin:257 - Accepted Firmware Licenses: 
2025-04-30 16:04:55,063 [INFO] PluginManage:359 - Loaded plugin analytics (category:tool,tabindex:-1)
2025-04-30 16:04:55,064 [INFO] PluginManage:310 - Check plugin cadmodel
2025-04-30 16:04:55,071 [INFO] CADModel:105 - Init CAD model plugin
2025-04-30 16:04:55,071 [INFO] PluginManage:359 - Loaded plugin cadmodel (category:power,tabindex:5)
2025-04-30 16:04:55,071 [INFO] PluginManage:310 - Check plugin clock
2025-04-30 16:04:55,086 [INFO] PluginManage:359 - Loaded plugin clock (category:base,tabindex:2)
2025-04-30 16:04:55,086 [INFO] PluginManage:310 - Check plugin ddr
2025-04-30 16:04:55,090 [INFO] PluginManage:359 - Loaded plugin ddr (category:tool,tabindex:6)
2025-04-30 16:04:55,091 [INFO] PluginManage:310 - Check plugin filemanager
2025-04-30 16:04:55,334 [INFO] PluginManage:359 - Loaded plugin filemanager (category:base,tabindex:10)
2025-04-30 16:04:55,334 [INFO] PluginManage:310 - Check plugin ipmanager
2025-04-30 16:04:55,350 [INFO] PluginManage:359 - Loaded plugin ipmanager (category:base,tabindex:5)
2025-04-30 16:04:55,350 [INFO] PluginManage:310 - Check plugin lpbam
2025-04-30 16:04:55,364 [INFO] PluginManage:359 - Loaded plugin lpbam (category:base,tabindex:0)
2025-04-30 16:04:55,365 [INFO] PluginManage:310 - Check plugin memorymap
2025-04-30 16:04:55,388 [INFO] PluginManage:359 - Loaded plugin memorymap (category:base,tabindex:4)
2025-04-30 16:04:55,388 [INFO] PluginManage:310 - Check plugin pinoutandconfiguration
2025-04-30 16:04:55,402 [INFO] PluginManage:359 - Loaded plugin pinoutandconfiguration (category:base,tabindex:1)
2025-04-30 16:04:55,402 [INFO] PluginManage:310 - Check plugin pinoutconfig
2025-04-30 16:04:55,541 [WARN] SupportedApi:132 - Cannot load RTOS API schema: s4s-elt-must-match.1: The content of 'definitions' must match (annotation?, (simpleType | complexType)?, (unique | key | keyref)*)). A problem was found starting at: attribute.
2025-04-30 16:04:55,756 [INFO] PluginManage:359 - Loaded plugin pinoutconfig (category:base,tabindex:0)
2025-04-30 16:04:55,756 [INFO] PluginManage:310 - Check plugin power
2025-04-30 16:04:55,771 [INFO] PluginManage:359 - Loaded plugin power (category:power,tabindex:4)
2025-04-30 16:04:55,771 [INFO] PluginManage:310 - Check plugin projectmanager
2025-04-30 16:04:55,797 [INFO] PluginManage:359 - Loaded plugin projectmanager (category:projectmanager,tabindex:4)
2025-04-30 16:04:55,797 [INFO] PluginManage:310 - Check plugin rif
2025-04-30 16:04:55,810 [INFO] PluginManage:359 - Loaded plugin rif (category:base,tabindex:3)
2025-04-30 16:04:55,811 [INFO] PluginManage:310 - Check plugin thirdparty
2025-04-30 16:04:56,043 [INFO] PluginManage:359 - Loaded plugin thirdparty (category:base,tabindex:-1)
2025-04-30 16:04:56,043 [WARN] IntegrityCheckThread:84 - waiting for thirdparty lock release [integrity check]
2025-04-30 16:04:56,043 [INFO] PluginManage:310 - Check plugin tools
2025-04-30 16:04:56,043 [INFO] IntegrityCheckThread:86 - entering critical section [integrity check]
2025-04-30 16:04:56,045 [INFO] ThirdPartyUpdaterWithRetryManager:70 - Updater plugin not ready yet. [1/15]
2025-04-30 16:04:56,049 [INFO] PluginManage:359 - Loaded plugin tools (category:base,tabindex:7)
2025-04-30 16:04:56,049 [INFO] PluginManage:310 - Check plugin tutovideos
2025-04-30 16:04:56,381 [INFO] PluginManage:359 - Loaded plugin tutovideos (category:base,tabindex:-1)
2025-04-30 16:04:56,381 [INFO] PluginManage:310 - Check plugin updater
2025-04-30 16:04:56,419 [INFO] PluginManage:359 - Loaded plugin updater (category:base,tabindex:12)
2025-04-30 16:04:56,420 [INFO] PluginManage:310 - Check plugin userauth
2025-04-30 16:04:56,426 [INFO] UserAuth:118 - Init User Auth plugin
2025-04-30 16:04:56,427 [INFO] PluginManage:359 - Loaded plugin userauth (category:base,tabindex:14)
2025-04-30 16:04:56,427 [INFO] PluginManage:283 - PluginManage : Loaded plugins [18]
2025-04-30 16:04:56,796 [INFO] PinOutPanel:1589 - setPackage(No Configuration,No Configuration)
2025-04-30 16:04:56,959 [INFO] CADModel:165 - CPN selected for project level
2025-04-30 16:04:56,959 [INFO] CADModel:114 - Register for checkConnection events
2025-04-30 16:04:56,993 [INFO] IPUIPlugin:80 - create IPUIPlugin
2025-04-30 16:04:56,993 [INFO] PluginManager:220 - loadIPPluginJar : add adc
2025-04-30 16:04:56,999 [INFO] IPUIPlugin:80 - create IPUIPlugin
2025-04-30 16:04:56,999 [INFO] PluginManager:220 - loadIPPluginJar : add aes
2025-04-30 16:04:57,004 [INFO] IPUIPlugin:80 - create IPUIPlugin
2025-04-30 16:04:57,004 [INFO] PluginManager:220 - loadIPPluginJar : add can
2025-04-30 16:04:57,006 [INFO] IPUIPlugin:80 - create IPUIPlugin
2025-04-30 16:04:57,007 [INFO] PluginManager:220 - loadIPPluginJar : add comp
2025-04-30 16:04:57,011 [INFO] IPUIPlugin:80 - create IPUIPlugin
2025-04-30 16:04:57,011 [INFO] PluginManager:220 - loadIPPluginJar : add cryp
2025-04-30 16:04:57,016 [INFO] IPUIPlugin:80 - create IPUIPlugin
2025-04-30 16:04:57,016 [INFO] PluginManager:220 - loadIPPluginJar : add ddr_ctrl_phy
2025-04-30 16:04:57,020 [INFO] IPUIPlugin:80 - create IPUIPlugin
2025-04-30 16:04:57,020 [INFO] PluginManager:220 - loadIPPluginJar : add dfsdm
2025-04-30 16:04:57,030 [INFO] IPUIPlugin:80 - create IPUIPlugin
2025-04-30 16:04:57,030 [INFO] PluginManager:220 - loadIPPluginJar : add dma
2025-04-30 16:04:57,035 [INFO] IPUIPlugin:80 - create IPUIPlugin
2025-04-30 16:04:57,035 [INFO] PluginManager:220 - loadIPPluginJar : add dma3
2025-04-30 16:04:57,042 [INFO] IPUIPlugin:80 - create IPUIPlugin
2025-04-30 16:04:57,042 [INFO] PluginManager:220 - loadIPPluginJar : add extmemmanager
2025-04-30 16:04:57,044 [INFO] IPUIPlugin:80 - create IPUIPlugin
2025-04-30 16:04:57,044 [INFO] PluginManager:220 - loadIPPluginJar : add fatfs
2025-04-30 16:04:57,052 [INFO] IPUIPlugin:80 - create IPUIPlugin
2025-04-30 16:04:57,053 [INFO] PluginManager:220 - loadIPPluginJar : add fmc
2025-04-30 16:04:57,064 [INFO] IPUIPlugin:80 - create IPUIPlugin
2025-04-30 16:04:57,065 [INFO] PluginManager:220 - loadIPPluginJar : add freertos
2025-04-30 16:04:57,067 [INFO] IPUIPlugin:80 - create IPUIPlugin
2025-04-30 16:04:57,067 [INFO] PluginManager:220 - loadIPPluginJar : add genericplugin
2025-04-30 16:04:57,072 [INFO] IPUIPlugin:80 - create IPUIPlugin
2025-04-30 16:04:57,072 [INFO] PluginManager:220 - loadIPPluginJar : add gfxmmu
2025-04-30 16:04:57,080 [INFO] IPUIPlugin:80 - create IPUIPlugin
2025-04-30 16:04:57,080 [INFO] PluginManager:220 - loadIPPluginJar : add gic
2025-04-30 16:04:57,087 [INFO] IPUIPlugin:80 - create IPUIPlugin
2025-04-30 16:04:57,087 [INFO] PluginManager:220 - loadIPPluginJar : add gpio
2025-04-30 16:04:57,093 [INFO] IPUIPlugin:80 - create IPUIPlugin
2025-04-30 16:04:57,093 [INFO] PluginManager:220 - loadIPPluginJar : add gtzc
2025-04-30 16:04:57,097 [INFO] IPUIPlugin:80 - create IPUIPlugin
2025-04-30 16:04:57,097 [INFO] PluginManager:220 - loadIPPluginJar : add hash
2025-04-30 16:04:57,103 [INFO] IPUIPlugin:80 - create IPUIPlugin
2025-04-30 16:04:57,104 [INFO] PluginManager:220 - loadIPPluginJar : add i2c
2025-04-30 16:04:57,108 [INFO] IPUIPlugin:80 - create IPUIPlugin
2025-04-30 16:04:57,108 [INFO] PluginManager:220 - loadIPPluginJar : add i2s
2025-04-30 16:04:57,113 [INFO] IPUIPlugin:80 - create IPUIPlugin
2025-04-30 16:04:57,113 [INFO] PluginManager:220 - loadIPPluginJar : add i3c
2025-04-30 16:04:57,119 [INFO] IPUIPlugin:80 - create IPUIPlugin
2025-04-30 16:04:57,119 [INFO] PluginManager:220 - loadIPPluginJar : add ipddr
2025-04-30 16:04:57,130 [INFO] IPUIPlugin:80 - create IPUIPlugin
2025-04-30 16:04:57,130 [INFO] PluginManager:220 - loadIPPluginJar : add linkedlist
2025-04-30 16:04:57,134 [INFO] IPUIPlugin:80 - create IPUIPlugin
2025-04-30 16:04:57,134 [INFO] PluginManager:220 - loadIPPluginJar : add lorawan
2025-04-30 16:04:57,138 [INFO] IPUIPlugin:80 - create IPUIPlugin
2025-04-30 16:04:57,138 [INFO] PluginManager:220 - loadIPPluginJar : add ltdc
2025-04-30 16:04:57,146 [INFO] IPUIPlugin:80 - create IPUIPlugin
2025-04-30 16:04:57,147 [INFO] PluginManager:220 - loadIPPluginJar : add mdma
2025-04-30 16:04:57,153 [INFO] IPUIPlugin:80 - create IPUIPlugin
2025-04-30 16:04:57,154 [INFO] PluginManager:220 - loadIPPluginJar : add nvic
2025-04-30 16:04:57,159 [INFO] IPUIPlugin:80 - create IPUIPlugin
2025-04-30 16:04:57,159 [INFO] PluginManager:220 - loadIPPluginJar : add opamp
2025-04-30 16:04:57,164 [INFO] IPUIPlugin:80 - create IPUIPlugin
2025-04-30 16:04:57,164 [INFO] PluginManager:220 - loadIPPluginJar : add openamp
2025-04-30 16:04:57,169 [INFO] IPUIPlugin:80 - create IPUIPlugin
2025-04-30 16:04:57,169 [INFO] PluginManager:220 - loadIPPluginJar : add pdm2pcm
2025-04-30 16:04:57,180 [INFO] IPUIPlugin:80 - create IPUIPlugin
2025-04-30 16:04:57,184 [INFO] PluginManager:220 - loadIPPluginJar : add plateformsettings
2025-04-30 16:04:57,187 [INFO] IPUIPlugin:80 - create IPUIPlugin
2025-04-30 16:04:57,187 [INFO] PluginManager:220 - loadIPPluginJar : add quadspi
2025-04-30 16:04:57,190 [INFO] IPUIPlugin:80 - create IPUIPlugin
2025-04-30 16:04:57,194 [INFO] PluginManager:220 - loadIPPluginJar : add radio
2025-04-30 16:04:57,200 [INFO] IPUIPlugin:80 - create IPUIPlugin
2025-04-30 16:04:57,200 [INFO] PluginManager:220 - loadIPPluginJar : add resmgrutility
2025-04-30 16:04:57,205 [INFO] IPUIPlugin:80 - create IPUIPlugin
2025-04-30 16:04:57,205 [INFO] PluginManager:220 - loadIPPluginJar : add sai
2025-04-30 16:04:57,209 [INFO] IPUIPlugin:80 - create IPUIPlugin
2025-04-30 16:04:57,210 [INFO] PluginManager:220 - loadIPPluginJar : add spi
2025-04-30 16:04:57,220 [INFO] IPUIPlugin:80 - create IPUIPlugin
2025-04-30 16:04:57,221 [INFO] PluginManager:220 - loadIPPluginJar : add stm32_wpan
2025-04-30 16:04:57,225 [INFO] IPUIPlugin:80 - create IPUIPlugin
2025-04-30 16:04:57,225 [INFO] PluginManager:220 - loadIPPluginJar : add tim
2025-04-30 16:04:57,230 [INFO] IPUIPlugin:80 - create IPUIPlugin
2025-04-30 16:04:57,230 [INFO] PluginManager:220 - loadIPPluginJar : add touchsensing
2025-04-30 16:04:57,235 [INFO] IPUIPlugin:80 - create IPUIPlugin
2025-04-30 16:04:57,235 [INFO] PluginManager:220 - loadIPPluginJar : add tracer_emb
2025-04-30 16:04:57,239 [INFO] IPUIPlugin:80 - create IPUIPlugin
2025-04-30 16:04:57,239 [INFO] PluginManager:220 - loadIPPluginJar : add ts
2025-04-30 16:04:57,243 [INFO] IPUIPlugin:80 - create IPUIPlugin
2025-04-30 16:04:57,243 [INFO] PluginManager:220 - loadIPPluginJar : add tsc
2025-04-30 16:04:57,246 [INFO] IPUIPlugin:80 - create IPUIPlugin
2025-04-30 16:04:57,246 [INFO] PluginManager:220 - loadIPPluginJar : add ucpd
2025-04-30 16:04:57,252 [INFO] IPUIPlugin:80 - create IPUIPlugin
2025-04-30 16:04:57,252 [INFO] PluginManager:220 - loadIPPluginJar : add usart
2025-04-30 16:04:57,258 [INFO] IPUIPlugin:80 - create IPUIPlugin
2025-04-30 16:04:57,259 [INFO] PluginManager:220 - loadIPPluginJar : add usbx
2025-04-30 16:04:57,438 [FATAL] Updater:351 - Updater called before beeing initialized
2025-04-30 16:04:57,516 [INFO] RulesReader:64 - Compatibility file has been processed (302 Rules)
2025-04-30 16:04:57,546 [INFO] RulesReader:64 - Compatibility file has been processed (302 Rules)
2025-04-30 16:04:57,562 [INFO] CADModel:165 - CPN selected for project level
2025-04-30 16:04:57,563 [INFO] CADModel:114 - Register for checkConnection events
2025-04-30 16:04:57,563 [FATAL] Updater:351 - Updater called before beeing initialized
2025-04-30 16:04:57,563 [ERROR] CADModel:125 - Updater not yet initialized, retry later 
2025-04-30 16:04:57,884 [FATAL] Updater:351 - Updater called before beeing initialized
2025-04-30 16:04:57,887 [INFO] CADModel:165 - CPN selected for project level
2025-04-30 16:04:57,887 [INFO] CADModel:114 - Register for checkConnection events
2025-04-30 16:04:57,887 [FATAL] Updater:351 - Updater called before beeing initialized
2025-04-30 16:04:57,887 [ERROR] CADModel:125 - Updater not yet initialized, retry later 
2025-04-30 16:04:57,894 [FATAL] Updater:351 - Updater called before beeing initialized
2025-04-30 16:04:58,151 [FATAL] Updater:351 - Updater called before beeing initialized
2025-04-30 16:04:58,158 [INFO] DbMcusAds:53 - JSON generation date=Thu Mar 06 22:54:22 MYT 2025 (1741272862204)
2025-04-30 16:04:58,159 [FATAL] Updater:351 - Updater called before beeing initialized
2025-04-30 16:04:58,230 [WARN] DetailPanel:346 - Failed to get advertising image, set to default
2025-04-30 16:04:58,677 [FATAL] Updater:351 - Updater called before beeing initialized
2025-04-30 16:04:58,681 [FATAL] Updater:351 - Updater called before beeing initialized
2025-04-30 16:04:58,681 [FATAL] Updater:351 - Updater called before beeing initialized
2025-04-30 16:04:58,682 [WARN] DetailPanel:346 - Failed to get advertising image, set to default
2025-04-30 16:04:58,683 [FATAL] Updater:351 - Updater called before beeing initialized
2025-04-30 16:04:58,763 [ERROR] Updater:1198 - MainUpdater not yet initialized. External WinMGr cannot be set.
2025-04-30 16:04:58,767 [INFO] Updater:1134 - Updater Version found : 6.14.1
2025-04-30 16:04:58,797 [INFO] ApplicationProperties:184 - Using Application install path: C:\ST\STM32CubeIDE_1.18.0\STM32CubeIDE\plugins\com.st.stm32cube.common.mx_6.14.1.202504091515
2025-04-30 16:04:59,055 [INFO] ThirdPartyUpdaterWithRetryManager:70 - Updater plugin not ready yet. [2/15]
2025-04-30 16:04:59,357 [INFO] MainUpdater:2872 - connection check result : 10
2025-04-30 16:04:59,358 [INFO] MainUpdater:289 - Updater Check For Update Now.
2025-04-30 16:04:59,358 [INFO] MicroXplorer:498 - Change Database Version : DB.6.0.141
2025-04-30 16:04:59,371 [INFO] McuFinderGlobals:63 - Set McuFinder mode to 2 (CubeIDE integrated)
2025-04-30 16:04:59,372 [INFO] UserAuth:484 - Internet connection configuration mode: 1
2025-04-30 16:04:59,420 [INFO] JxBrowserEngine:152 - Initiate JxBrowser Engine with user profile folder
2025-04-30 16:04:59,630 [INFO] CheckServerUpdateThread:120 - End of CheckServer Thread
2025-04-30 16:05:01,500 [INFO] WebApp:169 - Instantiating new browser for Auth
2025-04-30 16:05:02,422 [WARN] PackLoader:240 - Cannot read IP mode file for STMicroelectronics.FP-SNS-MOTENVWB1.1.4.0
2025-04-30 16:05:02,443 [WARN] PackLoader:240 - Cannot read IP mode file for STMicroelectronics.X-CUBE-SMBUS.2.1.0
2025-04-30 16:05:02,459 [WARN] PackLoader:240 - Cannot read IP mode file for STMicroelectronics.X-CUBE-WB05N.1.1.0
2025-04-30 16:05:02,515 [WARN] PackLoader:240 - Cannot read IP mode file for STMicroelectronics.X-CUBE-AZRTOS-F7.1.1.0
2025-04-30 16:05:02,536 [WARN] PackLoader:240 - Cannot read IP mode file for STMicroelectronics.FP-SNS-FLIGHT1.5.0.2
2025-04-30 16:05:02,559 [WARN] PackLoader:240 - Cannot read IP mode file for STMicroelectronics.X-CUBE-DISPLAY.3.0.0
2025-04-30 16:05:02,589 [WARN] PackLoader:240 - Cannot read IP mode file for STMicroelectronics.X-CUBE-NFC10.1.0.0
2025-04-30 16:05:02,627 [WARN] PackLoader:240 - Cannot read IP mode file for STMicroelectronics.X-CUBE-BLEMGR.4.0.0
2025-04-30 16:05:02,648 [WARN] PackLoader:240 - Cannot read IP mode file for STMicroelectronics.X-CUBE-AI.10.0.0
2025-04-30 16:05:02,658 [WARN] PackLoader:240 - Cannot read IP mode file for STMicroelectronics.FP-SNS-SMARTAG2.1.2.0
2025-04-30 16:05:02,838 [WARN] PackLoader:240 - Cannot read IP mode file for STMicroelectronics.X-CUBE-MEMS1.11.1.0
2025-04-30 16:05:02,870 [INFO] WebApp:463 - Apply proxy settings
2025-04-30 16:05:02,872 [INFO] WebApp:548 - Chromium requires no authentication
2025-04-30 16:05:02,892 [INFO] WebApp:491 - Direct internet connection detected
2025-04-30 16:05:02,950 [INFO] WebApp:894 - Register for checkConnection events
2025-04-30 16:05:02,950 [INFO] WebApp:463 - Apply proxy settings
2025-04-30 16:05:02,951 [INFO] WebApp:548 - Chromium requires no authentication
2025-04-30 16:05:02,951 [INFO] WebApp:491 - Direct internet connection detected
2025-04-30 16:05:03,030 [INFO] LogOutputStream:77 - [STDOUT_REDIRECT] 1 : Invalid condition id : UX_CORESTACK_Condition cause : null
2025-04-30 16:05:03,031 [INFO] LogOutputStream:77 - [STDOUT_REDIRECT] 1 : Invalid condition id : UX_CORESTACK_Condition cause : null
2025-04-30 16:05:03,033 [INFO] LogOutputStream:77 - [STDOUT_REDIRECT] 1 : Invalid condition id : UX_CORESTACK_Condition cause : null
2025-04-30 16:05:03,034 [INFO] LogOutputStream:77 - [STDOUT_REDIRECT] 1 : Invalid condition id : UX_CORESTACK_Condition cause : null
2025-04-30 16:05:03,037 [INFO] LogOutputStream:77 - [STDOUT_REDIRECT] 1 : Invalid condition id : UX_CORESTACK_Condition cause : null
2025-04-30 16:05:03,041 [WARN] PackLoader:240 - Cannot read IP mode file for STMicroelectronics.X-CUBE-AZRTOS-WL.2.0.0
2025-04-30 16:05:03,051 [WARN] PackLoader:240 - Cannot read IP mode file for STMicroelectronics.FP-SNS-MOTENV1.5.0.0
2025-04-30 16:05:03,059 [WARN] PackLoader:240 - Cannot read IP mode file for STMicroelectronics.X-CUBE-BLE2.3.3.0
2025-04-30 16:05:03,066 [WARN] PackLoader:240 - Cannot read IP mode file for STMicroelectronics.X-CUBE-NFC9.1.0.0
2025-04-30 16:05:03,086 [WARN] PackLoader:240 - Cannot read IP mode file for STMicroelectronics.X-CUBE-AZRTOS-G0.1.1.0
2025-04-30 16:05:03,095 [WARN] PackLoader:240 - Cannot read IP mode file for STMicroelectronics.X-CUBE-SAFEA1.1.2.2
2025-04-30 16:05:03,103 [WARN] PackLoader:240 - Cannot read IP mode file for STMicroelectronics.X-CUBE-NFC4.3.0.0
2025-04-30 16:05:03,112 [WARN] PackLoader:240 - Cannot read IP mode file for STMicroelectronics.X-CUBE-TCPP.4.2.0
2025-04-30 16:05:03,121 [WARN] PackLoader:240 - Cannot read IP mode file for STMicroelectronics.FP-ATR-SIGFOX1.3.2.0
2025-04-30 16:05:03,128 [WARN] PackLoader:240 - Cannot read IP mode file for STMicroelectronics.X-CUBE-EEPRMA1.5.1.0
2025-04-30 16:05:03,143 [WARN] PackLoader:240 - Cannot read IP mode file for STMicroelectronics.X-CUBE-ALGOBUILD.1.4.0
2025-04-30 16:05:03,290 [WARN] PackLoader:240 - Cannot read IP mode file for STMicroelectronics.X-CUBE-AZRTOS-F4.1.1.0
2025-04-30 16:05:03,299 [WARN] PackLoader:240 - Cannot read IP mode file for STMicroelectronics.X-CUBE-ISPU.2.1.0
2025-04-30 16:05:03,325 [WARN] PackLoader:240 - Cannot read IP mode file for STMicroelectronics.X-CUBE-AZRTOS-L5.2.0.0
2025-04-30 16:05:03,337 [WARN] PackLoader:240 - Cannot read IP mode file for STMicroelectronics.X-CUBE-NFC6.3.1.0
2025-04-30 16:05:03,362 [WARN] PackLoader:240 - Cannot read IP mode file for STMicroelectronics.X-CUBE-DPower.1.2.0
2025-04-30 16:05:03,370 [WARN] PackLoader:240 - Cannot read IP mode file for STMicroelectronics.X-CUBE-FREERTOS.1.3.0
2025-04-30 16:05:03,378 [WARN] PackLoader:240 - Cannot read IP mode file for STMicroelectronics.X-CUBE-NFC7.1.0.1
2025-04-30 16:05:03,399 [WARN] ConditionMgr:438 - getConditionDescription Invalid condition id : LAN8742 Phy interface Condition cause : null
2025-04-30 16:05:03,400 [WARN] PackLoader:240 - Cannot read IP mode file for STMicroelectronics.X-CUBE-AZRTOS-L4.2.0.0
2025-04-30 16:05:03,401 [WARN] ConditionMgr:1044 - genDependencies : Invalid condition id : LAN8742 Phy interface Condition cause : null
2025-04-30 16:05:03,401 [WARN] ConditionMgr:1044 - genDependencies : Invalid condition id : LAN8742 Phy interface Condition cause : null
2025-04-30 16:05:03,402 [WARN] ConditionMgr:1044 - genDependencies : Invalid condition id : LAN8742 Phy interface Condition cause : null
2025-04-30 16:05:03,411 [WARN] PackLoader:240 - Cannot read IP mode file for STMicroelectronics.X-CUBE-SFXS2LP1.4.0.0
2025-04-30 16:05:03,435 [WARN] PackLoader:240 - Cannot read IP mode file for STMicroelectronics.X-CUBE-AZRTOS-H7.3.3.0
2025-04-30 16:05:03,456 [WARN] ConditionMgr:438 - getConditionDescription Invalid condition id : UX DEVICE CLASS RTOS Condition cause : null
2025-04-30 16:05:03,456 [WARN] ConditionMgr:438 - getConditionDescription Invalid condition id : UX DEVICE CLASS RTOS Condition cause : null
2025-04-30 16:05:03,460 [WARN] PackLoader:240 - Cannot read IP mode file for STMicroelectronics.X-CUBE-AZRTOS-WB.2.0.0
2025-04-30 16:05:03,461 [WARN] ConditionMgr:1044 - genDependencies : Invalid condition id : UX DEVICE CLASS RTOS Condition cause : null
2025-04-30 16:05:03,461 [WARN] ConditionMgr:1044 - genDependencies : Invalid condition id : UX DEVICE CLASS RTOS Condition cause : null
2025-04-30 16:05:03,462 [WARN] ConditionMgr:1044 - genDependencies : Invalid condition id : UX DEVICE CLASS RTOS Condition cause : null
2025-04-30 16:05:03,462 [WARN] ConditionMgr:1044 - genDependencies : Invalid condition id : UX DEVICE CLASS RTOS Condition cause : null
2025-04-30 16:05:03,462 [WARN] ConditionMgr:1044 - genDependencies : Invalid condition id : UX DEVICE CLASS RTOS Condition cause : null
2025-04-30 16:05:03,468 [INFO] WebApp:225 - Starting web application
2025-04-30 16:05:03,468 [INFO] WebApp:593 - Web application path used C:\ST\STM32CubeIDE_1.18.0\STM32CubeIDE\plugins\com.st.stm32cube.common.mx_6.14.1.202504091515\db\plugins\mcufinder\reactClient1\index.html
2025-04-30 16:05:03,472 [WARN] PackLoader:240 - Cannot read IP mode file for STMicroelectronics.X-CUBE-GNSS1.7.0.1
2025-04-30 16:05:03,483 [WARN] PackLoader:240 - Cannot read IP mode file for STMicroelectronics.FP-SNS-STBOX1.2.0.0
2025-04-30 16:05:03,502 [WARN] PackLoader:240 - Cannot read IP mode file for STMicroelectronics.X-CUBE-SUBG2.5.0.0
2025-04-30 16:05:03,525 [WARN] PackLoader:240 - Cannot read IP mode file for STMicroelectronics.X-CUBE-AZRTOS-G4.2.0.0
2025-04-30 16:05:03,548 [WARN] PackLoader:240 - Cannot read IP mode file for STMicroelectronics.X-CUBE-IPS.3.1.0
2025-04-30 16:05:03,562 [WARN] PackLoader:240 - Cannot read IP mode file for STMicroelectronics.X-CUBE-ALS.1.0.2
2025-04-30 16:05:03,587 [WARN] PackLoader:240 - Cannot read IP mode file for STMicroelectronics.X-CUBE-AZRTOS-H7RS.1.0.0
2025-04-30 16:05:03,608 [WARN] PackLoader:240 - Cannot read IP mode file for STMicroelectronics.X-CUBE-TOF1.3.4.2
2025-04-30 16:05:03,627 [INFO] ThirdParty:978 - Integrity check success = true
2025-04-30 16:05:03,628 [INFO] IntegrityCheckThread:100 - exiting critical section [integrity check]
2025-04-30 16:05:03,628 [INFO] IntegrityCheckThread:103 - End integrity checks thread
2025-04-30 16:05:03,821 [INFO] UserAuth:484 - Internet connection configuration mode: 1
2025-04-30 16:05:03,874 [INFO] WebApp:191 - Connection restablished
2025-04-30 16:24:56,194 [INFO] WebApp:194 - Connection lost
2025-04-30 16:25:00,060 [INFO] WebApp:191 - Connection restablished
2025-04-30 16:25:03,366 [INFO] WebApp:194 - Connection lost
2025-04-30 16:25:03,689 [INFO] WebApp:191 - Connection restablished
2025-04-30 16:26:30,400 [INFO] WebApp:194 - Connection lost
2025-04-30 16:26:31,157 [INFO] WebApp:191 - Connection restablished
2025-04-30 16:26:33,863 [INFO] WebApp:194 - Connection lost
2025-04-30 16:26:34,189 [INFO] WebApp:191 - Connection restablished
2025-04-30 16:40:02,684 [ERROR] LogOutputStream:75 - [STDERR_REDIRECT] 
2025-04-30 16:45:16,085 [INFO] Activator:176 - 


2025-04-30 16:45:16,088 [INFO] Activator:177 - !SESSION log4j initialized
2025-04-30 16:45:23,941 [INFO] LogOutputStream:77 - [STDOUT_REDIRECT] 
2025-04-30 16:45:25,260 [INFO] ApplicationProperties:184 - Using Application install path: C:\ST\STM32CubeIDE_1.18.0\STM32CubeIDE\plugins\com.st.stm32cube.common.mx_6.14.1.202504091515
2025-04-30 16:45:25,285 [INFO] DbMcusXml:78 - Set database path to: C:\ST\STM32CubeIDE_1.18.0\STM32CubeIDE\plugins\com.st.stm32cube.common.mx_6.14.1.202504091515\\db\/mcu/
2025-04-30 16:45:25,285 [INFO] ApiDb:274 - Set plugin database path to: C:\ST\STM32CubeIDE_1.18.0\STM32CubeIDE\plugins\com.st.stm32cube.common.mx_6.14.1.202504091515\\db\/plugins/boardmanager/
2025-04-30 16:45:25,285 [WARN] ApiDb:259 - Overriding images path with different value:  => C:\ST\STM32CubeIDE_1.18.0\STM32CubeIDE\plugins\com.st.stm32cube.common.mx_6.14.1.202504091515\\db\/plugins/mcufinder/images/
2025-04-30 16:45:25,294 [INFO] ApiDb:250 - Set database path to: C:\Users\yttey\.stmcufinder\plugins\mcufinder//mcu/
2025-04-30 16:45:25,296 [INFO] DbMcusAds:125 - Set database path to: C:\Users\yttey\.stmcufinder\plugins\mcufinder//mcu/
2025-04-30 16:45:25,300 [INFO] CrossReferenceDbSqlite:203 - Set database path to: C:\Users\yttey\.stmcufinder\plugins\mcufinder//mcu/cs/
2025-04-30 16:45:25,487 [INFO] RulesReader:64 - Compatibility file has been processed (302 Rules)
2025-04-30 16:45:25,639 [INFO] DbMcusXml:78 - Set database path to: C:\ST\STM32CubeIDE_1.18.0\STM32CubeIDE\plugins\com.st.stm32cube.common.mx_6.14.1.202504091515\\db\/mcu/
2025-04-30 16:45:25,639 [INFO] ApiDb:274 - Set plugin database path to: C:\ST\STM32CubeIDE_1.18.0\STM32CubeIDE\plugins\com.st.stm32cube.common.mx_6.14.1.202504091515\\db\/plugins/boardmanager/
2025-04-30 16:45:25,639 [INFO] ApiDb:261 - Set plugin images path to: C:\ST\STM32CubeIDE_1.18.0\STM32CubeIDE\plugins\com.st.stm32cube.common.mx_6.14.1.202504091515\\db\/plugins/mcufinder/images/
2025-04-30 16:45:25,640 [WARN] DbFile:41 - Overriding database path with different value: C:\Users\yttey\.stmcufinder\plugins\mcufinder/ => C:\Users\yttey\.stmcufinder\plugins\mcufinder
2025-04-30 16:45:25,640 [INFO] ApiDb:250 - Set database path to: C:\Users\yttey\.stmcufinder\plugins\mcufinder//mcu/
2025-04-30 16:45:25,640 [WARN] DbFile:41 - Overriding database path with different value: C:\Users\yttey\.stmcufinder\plugins\mcufinder/ => C:\Users\yttey\.stmcufinder\plugins\mcufinder
2025-04-30 16:45:25,641 [INFO] DbMcusAds:125 - Set database path to: C:\Users\yttey\.stmcufinder\plugins\mcufinder//mcu/
2025-04-30 16:45:25,641 [WARN] DbFile:41 - Overriding database path with different value: C:\Users\yttey\.stmcufinder\plugins\mcufinder/ => C:\Users\yttey\.stmcufinder\plugins\mcufinder
2025-04-30 16:45:25,641 [WARN] DbFile:41 - Overriding database path with different value: C:\Users\yttey\.stmcufinder\plugins\mcufinder/ => C:\Users\yttey\.stmcufinder\plugins\mcufinder
2025-04-30 16:45:25,641 [INFO] CrossReferenceDbSqlite:203 - Set database path to: C:\Users\yttey\.stmcufinder\plugins\mcufinder//mcu/cs/
2025-04-30 16:45:25,757 [INFO] MainPanel:272 - HeapMemory: 268435456
2025-04-30 16:45:25,935 [INFO] DbMcusXml:78 - Set database path to: C:\ST\STM32CubeIDE_1.18.0\STM32CubeIDE\plugins\com.st.stm32cube.common.mx_6.14.1.202504091515\\db\/mcu/
2025-04-30 16:45:25,936 [INFO] ApiDb:274 - Set plugin database path to: C:\ST\STM32CubeIDE_1.18.0\STM32CubeIDE\plugins\com.st.stm32cube.common.mx_6.14.1.202504091515\\db\/plugins/boardmanager/
2025-04-30 16:45:25,936 [INFO] ApiDb:261 - Set plugin images path to: C:\ST\STM32CubeIDE_1.18.0\STM32CubeIDE\plugins\com.st.stm32cube.common.mx_6.14.1.202504091515\\db\/plugins/mcufinder/images/
2025-04-30 16:45:25,936 [WARN] DbFile:41 - Overriding database path with different value: C:\Users\yttey\.stmcufinder\plugins\mcufinder/ => C:\Users\yttey\.stmcufinder\plugins\mcufinder
2025-04-30 16:45:25,937 [INFO] ApiDb:250 - Set database path to: C:\Users\yttey\.stmcufinder\plugins\mcufinder//mcu/
2025-04-30 16:45:25,937 [WARN] DbFile:41 - Overriding database path with different value: C:\Users\yttey\.stmcufinder\plugins\mcufinder/ => C:\Users\yttey\.stmcufinder\plugins\mcufinder
2025-04-30 16:45:25,937 [INFO] DbMcusAds:125 - Set database path to: C:\Users\yttey\.stmcufinder\plugins\mcufinder//mcu/
2025-04-30 16:45:25,937 [WARN] DbFile:41 - Overriding database path with different value: C:\Users\yttey\.stmcufinder\plugins\mcufinder/ => C:\Users\yttey\.stmcufinder\plugins\mcufinder
2025-04-30 16:45:25,937 [WARN] DbFile:41 - Overriding database path with different value: C:\Users\yttey\.stmcufinder\plugins\mcufinder/ => C:\Users\yttey\.stmcufinder\plugins\mcufinder
2025-04-30 16:45:25,937 [INFO] CrossReferenceDbSqlite:203 - Set database path to: C:\Users\yttey\.stmcufinder\plugins\mcufinder//mcu/cs/
2025-04-30 16:45:25,984 [INFO] ApplicationProperties:184 - Using Application install path: C:\ST\STM32CubeIDE_1.18.0\STM32CubeIDE\plugins\com.st.stm32cube.common.mx_6.14.1.202504091515
2025-04-30 16:45:25,987 [INFO] PluginManage:196 - Search for loadable plugins [exclusion list=, ]
2025-04-30 16:45:25,989 [INFO] PluginManage:310 - Check plugin analytics
2025-04-30 16:45:26,298 [INFO] AnalyticsPlugin:253 - Accepted Software Licenses: 
2025-04-30 16:45:26,299 [INFO] AnalyticsPlugin:255 - Accepted CMSIS Pack Licenses: 
2025-04-30 16:45:26,299 [INFO] AnalyticsPlugin:257 - Accepted Firmware Licenses: 
2025-04-30 16:45:26,304 [INFO] PluginManage:359 - Loaded plugin analytics (category:tool,tabindex:-1)
2025-04-30 16:45:26,304 [INFO] PluginManage:310 - Check plugin cadmodel
2025-04-30 16:45:26,311 [INFO] CADModel:105 - Init CAD model plugin
2025-04-30 16:45:26,311 [INFO] PluginManage:359 - Loaded plugin cadmodel (category:power,tabindex:5)
2025-04-30 16:45:26,312 [INFO] PluginManage:310 - Check plugin clock
2025-04-30 16:45:26,325 [INFO] PluginManage:359 - Loaded plugin clock (category:base,tabindex:2)
2025-04-30 16:45:26,326 [INFO] PluginManage:310 - Check plugin ddr
2025-04-30 16:45:26,328 [INFO] PluginManage:359 - Loaded plugin ddr (category:tool,tabindex:6)
2025-04-30 16:45:26,328 [INFO] PluginManage:310 - Check plugin filemanager
2025-04-30 16:45:26,650 [INFO] PluginManage:359 - Loaded plugin filemanager (category:base,tabindex:10)
2025-04-30 16:45:26,650 [INFO] PluginManage:310 - Check plugin ipmanager
2025-04-30 16:45:26,665 [INFO] PluginManage:359 - Loaded plugin ipmanager (category:base,tabindex:5)
2025-04-30 16:45:26,665 [INFO] PluginManage:310 - Check plugin lpbam
2025-04-30 16:45:26,680 [INFO] PluginManage:359 - Loaded plugin lpbam (category:base,tabindex:0)
2025-04-30 16:45:26,680 [INFO] PluginManage:310 - Check plugin memorymap
2025-04-30 16:45:26,701 [INFO] PluginManage:359 - Loaded plugin memorymap (category:base,tabindex:4)
2025-04-30 16:45:26,701 [INFO] PluginManage:310 - Check plugin pinoutandconfiguration
2025-04-30 16:45:26,714 [INFO] PluginManage:359 - Loaded plugin pinoutandconfiguration (category:base,tabindex:1)
2025-04-30 16:45:26,715 [INFO] PluginManage:310 - Check plugin pinoutconfig
2025-04-30 16:45:26,901 [WARN] SupportedApi:132 - Cannot load RTOS API schema: s4s-elt-must-match.1: The content of 'definitions' must match (annotation?, (simpleType | complexType)?, (unique | key | keyref)*)). A problem was found starting at: attribute.
2025-04-30 16:45:27,146 [INFO] PluginManage:359 - Loaded plugin pinoutconfig (category:base,tabindex:0)
2025-04-30 16:45:27,146 [INFO] PluginManage:310 - Check plugin power
2025-04-30 16:45:27,159 [INFO] PluginManage:359 - Loaded plugin power (category:power,tabindex:4)
2025-04-30 16:45:27,160 [INFO] PluginManage:310 - Check plugin projectmanager
2025-04-30 16:45:27,189 [INFO] PluginManage:359 - Loaded plugin projectmanager (category:projectmanager,tabindex:4)
2025-04-30 16:45:27,190 [INFO] PluginManage:310 - Check plugin rif
2025-04-30 16:45:27,202 [INFO] PluginManage:359 - Loaded plugin rif (category:base,tabindex:3)
2025-04-30 16:45:27,202 [INFO] PluginManage:310 - Check plugin thirdparty
2025-04-30 16:45:27,421 [INFO] PluginManage:359 - Loaded plugin thirdparty (category:base,tabindex:-1)
2025-04-30 16:45:27,421 [WARN] IntegrityCheckThread:84 - waiting for thirdparty lock release [integrity check]
2025-04-30 16:45:27,421 [INFO] PluginManage:310 - Check plugin tools
2025-04-30 16:45:27,421 [INFO] IntegrityCheckThread:86 - entering critical section [integrity check]
2025-04-30 16:45:27,422 [INFO] ThirdPartyUpdaterWithRetryManager:70 - Updater plugin not ready yet. [1/15]
2025-04-30 16:45:27,424 [INFO] PluginManage:359 - Loaded plugin tools (category:base,tabindex:7)
2025-04-30 16:45:27,425 [INFO] PluginManage:310 - Check plugin tutovideos
2025-04-30 16:45:27,701 [INFO] PluginManage:359 - Loaded plugin tutovideos (category:base,tabindex:-1)
2025-04-30 16:45:27,703 [INFO] PluginManage:310 - Check plugin updater
2025-04-30 16:45:27,739 [INFO] PluginManage:359 - Loaded plugin updater (category:base,tabindex:12)
2025-04-30 16:45:27,740 [INFO] PluginManage:310 - Check plugin userauth
2025-04-30 16:45:27,745 [INFO] UserAuth:118 - Init User Auth plugin
2025-04-30 16:45:27,747 [INFO] PluginManage:359 - Loaded plugin userauth (category:base,tabindex:14)
2025-04-30 16:45:27,747 [INFO] PluginManage:283 - PluginManage : Loaded plugins [18]
2025-04-30 16:45:28,110 [INFO] PinOutPanel:1589 - setPackage(No Configuration,No Configuration)
2025-04-30 16:45:28,264 [INFO] CADModel:165 - CPN selected for project level
2025-04-30 16:45:28,264 [INFO] CADModel:114 - Register for checkConnection events
2025-04-30 16:45:28,293 [INFO] IPUIPlugin:80 - create IPUIPlugin
2025-04-30 16:45:28,293 [INFO] PluginManager:220 - loadIPPluginJar : add adc
2025-04-30 16:45:28,297 [INFO] IPUIPlugin:80 - create IPUIPlugin
2025-04-30 16:45:28,297 [INFO] PluginManager:220 - loadIPPluginJar : add aes
2025-04-30 16:45:28,301 [INFO] IPUIPlugin:80 - create IPUIPlugin
2025-04-30 16:45:28,302 [INFO] PluginManager:220 - loadIPPluginJar : add can
2025-04-30 16:45:28,305 [INFO] IPUIPlugin:80 - create IPUIPlugin
2025-04-30 16:45:28,305 [INFO] PluginManager:220 - loadIPPluginJar : add comp
2025-04-30 16:45:28,308 [INFO] IPUIPlugin:80 - create IPUIPlugin
2025-04-30 16:45:28,308 [INFO] PluginManager:220 - loadIPPluginJar : add cryp
2025-04-30 16:45:28,312 [INFO] IPUIPlugin:80 - create IPUIPlugin
2025-04-30 16:45:28,312 [INFO] PluginManager:220 - loadIPPluginJar : add ddr_ctrl_phy
2025-04-30 16:45:28,316 [INFO] IPUIPlugin:80 - create IPUIPlugin
2025-04-30 16:45:28,316 [INFO] PluginManager:220 - loadIPPluginJar : add dfsdm
2025-04-30 16:45:28,324 [INFO] IPUIPlugin:80 - create IPUIPlugin
2025-04-30 16:45:28,325 [INFO] PluginManager:220 - loadIPPluginJar : add dma
2025-04-30 16:45:28,329 [INFO] IPUIPlugin:80 - create IPUIPlugin
2025-04-30 16:45:28,330 [INFO] PluginManager:220 - loadIPPluginJar : add dma3
2025-04-30 16:45:28,335 [INFO] IPUIPlugin:80 - create IPUIPlugin
2025-04-30 16:45:28,335 [INFO] PluginManager:220 - loadIPPluginJar : add extmemmanager
2025-04-30 16:45:28,337 [INFO] IPUIPlugin:80 - create IPUIPlugin
2025-04-30 16:45:28,337 [INFO] PluginManager:220 - loadIPPluginJar : add fatfs
2025-04-30 16:45:28,344 [INFO] IPUIPlugin:80 - create IPUIPlugin
2025-04-30 16:45:28,344 [INFO] PluginManager:220 - loadIPPluginJar : add fmc
2025-04-30 16:45:28,352 [INFO] IPUIPlugin:80 - create IPUIPlugin
2025-04-30 16:45:28,353 [INFO] PluginManager:220 - loadIPPluginJar : add freertos
2025-04-30 16:45:28,355 [INFO] IPUIPlugin:80 - create IPUIPlugin
2025-04-30 16:45:28,355 [INFO] PluginManager:220 - loadIPPluginJar : add genericplugin
2025-04-30 16:45:28,358 [INFO] IPUIPlugin:80 - create IPUIPlugin
2025-04-30 16:45:28,359 [INFO] PluginManager:220 - loadIPPluginJar : add gfxmmu
2025-04-30 16:45:28,365 [INFO] IPUIPlugin:80 - create IPUIPlugin
2025-04-30 16:45:28,365 [INFO] PluginManager:220 - loadIPPluginJar : add gic
2025-04-30 16:45:28,371 [INFO] IPUIPlugin:80 - create IPUIPlugin
2025-04-30 16:45:28,371 [INFO] PluginManager:220 - loadIPPluginJar : add gpio
2025-04-30 16:45:28,374 [INFO] IPUIPlugin:80 - create IPUIPlugin
2025-04-30 16:45:28,375 [INFO] PluginManager:220 - loadIPPluginJar : add gtzc
2025-04-30 16:45:28,378 [INFO] IPUIPlugin:80 - create IPUIPlugin
2025-04-30 16:45:28,378 [INFO] PluginManager:220 - loadIPPluginJar : add hash
2025-04-30 16:45:28,381 [INFO] IPUIPlugin:80 - create IPUIPlugin
2025-04-30 16:45:28,381 [INFO] PluginManager:220 - loadIPPluginJar : add i2c
2025-04-30 16:45:28,399 [INFO] IPUIPlugin:80 - create IPUIPlugin
2025-04-30 16:45:28,400 [INFO] PluginManager:220 - loadIPPluginJar : add i2s
2025-04-30 16:45:28,404 [INFO] IPUIPlugin:80 - create IPUIPlugin
2025-04-30 16:45:28,404 [INFO] PluginManager:220 - loadIPPluginJar : add i3c
2025-04-30 16:45:28,410 [INFO] IPUIPlugin:80 - create IPUIPlugin
2025-04-30 16:45:28,411 [INFO] PluginManager:220 - loadIPPluginJar : add ipddr
2025-04-30 16:45:28,421 [INFO] IPUIPlugin:80 - create IPUIPlugin
2025-04-30 16:45:28,421 [INFO] PluginManager:220 - loadIPPluginJar : add linkedlist
2025-04-30 16:45:28,425 [INFO] IPUIPlugin:80 - create IPUIPlugin
2025-04-30 16:45:28,425 [INFO] PluginManager:220 - loadIPPluginJar : add lorawan
2025-04-30 16:45:28,428 [INFO] IPUIPlugin:80 - create IPUIPlugin
2025-04-30 16:45:28,428 [INFO] PluginManager:220 - loadIPPluginJar : add ltdc
2025-04-30 16:45:28,437 [INFO] IPUIPlugin:80 - create IPUIPlugin
2025-04-30 16:45:28,437 [INFO] PluginManager:220 - loadIPPluginJar : add mdma
2025-04-30 16:45:28,442 [INFO] IPUIPlugin:80 - create IPUIPlugin
2025-04-30 16:45:28,442 [INFO] PluginManager:220 - loadIPPluginJar : add nvic
2025-04-30 16:45:28,446 [INFO] IPUIPlugin:80 - create IPUIPlugin
2025-04-30 16:45:28,446 [INFO] PluginManager:220 - loadIPPluginJar : add opamp
2025-04-30 16:45:28,452 [INFO] IPUIPlugin:80 - create IPUIPlugin
2025-04-30 16:45:28,452 [INFO] PluginManager:220 - loadIPPluginJar : add openamp
2025-04-30 16:45:28,457 [INFO] IPUIPlugin:80 - create IPUIPlugin
2025-04-30 16:45:28,457 [INFO] PluginManager:220 - loadIPPluginJar : add pdm2pcm
2025-04-30 16:45:28,468 [INFO] IPUIPlugin:80 - create IPUIPlugin
2025-04-30 16:45:28,471 [INFO] PluginManager:220 - loadIPPluginJar : add plateformsettings
2025-04-30 16:45:28,473 [INFO] IPUIPlugin:80 - create IPUIPlugin
2025-04-30 16:45:28,474 [INFO] PluginManager:220 - loadIPPluginJar : add quadspi
2025-04-30 16:45:28,476 [INFO] IPUIPlugin:80 - create IPUIPlugin
2025-04-30 16:45:28,479 [INFO] PluginManager:220 - loadIPPluginJar : add radio
2025-04-30 16:45:28,484 [INFO] IPUIPlugin:80 - create IPUIPlugin
2025-04-30 16:45:28,484 [INFO] PluginManager:220 - loadIPPluginJar : add resmgrutility
2025-04-30 16:45:28,488 [INFO] IPUIPlugin:80 - create IPUIPlugin
2025-04-30 16:45:28,488 [INFO] PluginManager:220 - loadIPPluginJar : add sai
2025-04-30 16:45:28,491 [INFO] IPUIPlugin:80 - create IPUIPlugin
2025-04-30 16:45:28,491 [INFO] PluginManager:220 - loadIPPluginJar : add spi
2025-04-30 16:45:28,501 [INFO] IPUIPlugin:80 - create IPUIPlugin
2025-04-30 16:45:28,501 [INFO] PluginManager:220 - loadIPPluginJar : add stm32_wpan
2025-04-30 16:45:28,503 [INFO] IPUIPlugin:80 - create IPUIPlugin
2025-04-30 16:45:28,504 [INFO] PluginManager:220 - loadIPPluginJar : add tim
2025-04-30 16:45:28,508 [INFO] IPUIPlugin:80 - create IPUIPlugin
2025-04-30 16:45:28,508 [INFO] PluginManager:220 - loadIPPluginJar : add touchsensing
2025-04-30 16:45:28,511 [INFO] IPUIPlugin:80 - create IPUIPlugin
2025-04-30 16:45:28,512 [INFO] PluginManager:220 - loadIPPluginJar : add tracer_emb
2025-04-30 16:45:28,514 [INFO] IPUIPlugin:80 - create IPUIPlugin
2025-04-30 16:45:28,515 [INFO] PluginManager:220 - loadIPPluginJar : add ts
2025-04-30 16:45:28,518 [INFO] IPUIPlugin:80 - create IPUIPlugin
2025-04-30 16:45:28,518 [INFO] PluginManager:220 - loadIPPluginJar : add tsc
2025-04-30 16:45:28,520 [INFO] IPUIPlugin:80 - create IPUIPlugin
2025-04-30 16:45:28,521 [INFO] PluginManager:220 - loadIPPluginJar : add ucpd
2025-04-30 16:45:28,524 [INFO] IPUIPlugin:80 - create IPUIPlugin
2025-04-30 16:45:28,524 [INFO] PluginManager:220 - loadIPPluginJar : add usart
2025-04-30 16:45:28,530 [INFO] IPUIPlugin:80 - create IPUIPlugin
2025-04-30 16:45:28,531 [INFO] PluginManager:220 - loadIPPluginJar : add usbx
2025-04-30 16:45:28,722 [FATAL] Updater:351 - Updater called before beeing initialized
2025-04-30 16:45:28,795 [INFO] RulesReader:64 - Compatibility file has been processed (302 Rules)
2025-04-30 16:45:28,825 [INFO] RulesReader:64 - Compatibility file has been processed (302 Rules)
2025-04-30 16:45:28,840 [INFO] CADModel:165 - CPN selected for project level
2025-04-30 16:45:28,840 [INFO] CADModel:114 - Register for checkConnection events
2025-04-30 16:45:28,840 [FATAL] Updater:351 - Updater called before beeing initialized
2025-04-30 16:45:28,840 [ERROR] CADModel:125 - Updater not yet initialized, retry later 
2025-04-30 16:45:29,137 [FATAL] Updater:351 - Updater called before beeing initialized
2025-04-30 16:45:29,140 [INFO] CADModel:165 - CPN selected for project level
2025-04-30 16:45:29,140 [INFO] CADModel:114 - Register for checkConnection events
2025-04-30 16:45:29,140 [FATAL] Updater:351 - Updater called before beeing initialized
2025-04-30 16:45:29,140 [ERROR] CADModel:125 - Updater not yet initialized, retry later 
2025-04-30 16:45:29,146 [FATAL] Updater:351 - Updater called before beeing initialized
2025-04-30 16:45:29,361 [FATAL] Updater:351 - Updater called before beeing initialized
2025-04-30 16:45:29,367 [INFO] DbMcusAds:53 - JSON generation date=Thu Mar 06 22:54:22 MYT 2025 (1741272862204)
2025-04-30 16:45:29,368 [FATAL] Updater:351 - Updater called before beeing initialized
2025-04-30 16:45:29,421 [WARN] DetailPanel:346 - Failed to get advertising image, set to default
2025-04-30 16:45:29,890 [FATAL] Updater:351 - Updater called before beeing initialized
2025-04-30 16:45:29,892 [FATAL] Updater:351 - Updater called before beeing initialized
2025-04-30 16:45:29,892 [FATAL] Updater:351 - Updater called before beeing initialized
2025-04-30 16:45:29,894 [WARN] DetailPanel:346 - Failed to get advertising image, set to default
2025-04-30 16:45:29,895 [FATAL] Updater:351 - Updater called before beeing initialized
2025-04-30 16:45:29,988 [ERROR] Updater:1198 - MainUpdater not yet initialized. External WinMGr cannot be set.
2025-04-30 16:45:29,990 [INFO] Updater:1134 - Updater Version found : 6.14.1
2025-04-30 16:45:30,015 [INFO] ApplicationProperties:184 - Using Application install path: C:\ST\STM32CubeIDE_1.18.0\STM32CubeIDE\plugins\com.st.stm32cube.common.mx_6.14.1.202504091515
2025-04-30 16:45:30,424 [INFO] ThirdPartyUpdaterWithRetryManager:70 - Updater plugin not ready yet. [2/15]
2025-04-30 16:45:30,726 [INFO] MainUpdater:2872 - connection check result : 10
2025-04-30 16:45:30,727 [INFO] MainUpdater:289 - Updater Check For Update Now.
2025-04-30 16:45:30,727 [INFO] MicroXplorer:498 - Change Database Version : DB.6.0.141
2025-04-30 16:45:30,737 [INFO] McuFinderGlobals:63 - Set McuFinder mode to 2 (CubeIDE integrated)
2025-04-30 16:45:30,738 [INFO] UserAuth:484 - Internet connection configuration mode: 1
2025-04-30 16:45:30,769 [INFO] JxBrowserEngine:152 - Initiate JxBrowser Engine with user profile folder
2025-04-30 16:45:30,979 [INFO] CheckServerUpdateThread:120 - End of CheckServer Thread
2025-04-30 16:45:31,678 [INFO] WebApp:169 - Instantiating new browser for Auth
2025-04-30 16:45:32,667 [INFO] WebApp:463 - Apply proxy settings
2025-04-30 16:45:32,667 [INFO] WebApp:548 - Chromium requires no authentication
2025-04-30 16:45:32,679 [INFO] WebApp:491 - Direct internet connection detected
2025-04-30 16:45:32,706 [INFO] WebApp:894 - Register for checkConnection events
2025-04-30 16:45:32,707 [INFO] WebApp:463 - Apply proxy settings
2025-04-30 16:45:32,707 [INFO] WebApp:548 - Chromium requires no authentication
2025-04-30 16:45:32,708 [INFO] WebApp:491 - Direct internet connection detected
2025-04-30 16:45:32,928 [INFO] WebApp:225 - Starting web application
2025-04-30 16:45:32,929 [INFO] WebApp:593 - Web application path used C:\ST\STM32CubeIDE_1.18.0\STM32CubeIDE\plugins\com.st.stm32cube.common.mx_6.14.1.202504091515\db\plugins\mcufinder\reactClient1\index.html
2025-04-30 16:45:33,070 [INFO] UserAuth:484 - Internet connection configuration mode: 1
2025-04-30 16:45:33,668 [INFO] WebApp:191 - Connection restablished
2025-04-30 16:45:33,736 [WARN] PackLoader:240 - Cannot read IP mode file for STMicroelectronics.FP-SNS-MOTENVWB1.1.4.0
2025-04-30 16:45:33,752 [WARN] PackLoader:240 - Cannot read IP mode file for STMicroelectronics.X-CUBE-SMBUS.2.1.0
2025-04-30 16:45:33,767 [WARN] PackLoader:240 - Cannot read IP mode file for STMicroelectronics.X-CUBE-WB05N.1.1.0
2025-04-30 16:45:33,814 [WARN] PackLoader:240 - Cannot read IP mode file for STMicroelectronics.X-CUBE-AZRTOS-F7.1.1.0
2025-04-30 16:45:33,829 [WARN] PackLoader:240 - Cannot read IP mode file for STMicroelectronics.FP-SNS-FLIGHT1.5.0.2
2025-04-30 16:45:33,843 [WARN] PackLoader:240 - Cannot read IP mode file for STMicroelectronics.X-CUBE-DISPLAY.3.0.0
2025-04-30 16:45:33,862 [WARN] PackLoader:240 - Cannot read IP mode file for STMicroelectronics.X-CUBE-NFC10.1.0.0
2025-04-30 16:45:33,889 [WARN] PackLoader:240 - Cannot read IP mode file for STMicroelectronics.X-CUBE-BLEMGR.4.0.0
2025-04-30 16:45:33,916 [WARN] PackLoader:240 - Cannot read IP mode file for STMicroelectronics.X-CUBE-AI.10.0.0
2025-04-30 16:45:33,925 [WARN] PackLoader:240 - Cannot read IP mode file for STMicroelectronics.FP-SNS-SMARTAG2.1.2.0
2025-04-30 16:45:34,004 [WARN] PackLoader:240 - Cannot read IP mode file for STMicroelectronics.X-CUBE-MEMS1.11.1.0
2025-04-30 16:45:34,280 [INFO] LogOutputStream:77 - [STDOUT_REDIRECT] 1 : Invalid condition id : UX_CORESTACK_Condition cause : null
2025-04-30 16:45:34,282 [INFO] LogOutputStream:77 - [STDOUT_REDIRECT] 1 : Invalid condition id : UX_CORESTACK_Condition cause : null
2025-04-30 16:45:34,284 [INFO] LogOutputStream:77 - [STDOUT_REDIRECT] 1 : Invalid condition id : UX_CORESTACK_Condition cause : null
2025-04-30 16:45:34,286 [INFO] LogOutputStream:77 - [STDOUT_REDIRECT] 1 : Invalid condition id : UX_CORESTACK_Condition cause : null
2025-04-30 16:45:34,289 [INFO] LogOutputStream:77 - [STDOUT_REDIRECT] 1 : Invalid condition id : UX_CORESTACK_Condition cause : null
2025-04-30 16:45:34,295 [WARN] PackLoader:240 - Cannot read IP mode file for STMicroelectronics.X-CUBE-AZRTOS-WL.2.0.0
2025-04-30 16:45:34,307 [WARN] PackLoader:240 - Cannot read IP mode file for STMicroelectronics.FP-SNS-MOTENV1.5.0.0
2025-04-30 16:45:34,317 [WARN] PackLoader:240 - Cannot read IP mode file for STMicroelectronics.X-CUBE-BLE2.3.3.0
2025-04-30 16:45:34,327 [WARN] PackLoader:240 - Cannot read IP mode file for STMicroelectronics.X-CUBE-NFC9.1.0.0
2025-04-30 16:45:34,385 [WARN] PackLoader:240 - Cannot read IP mode file for STMicroelectronics.X-CUBE-AZRTOS-G0.1.1.0
2025-04-30 16:45:34,403 [WARN] PackLoader:240 - Cannot read IP mode file for STMicroelectronics.X-CUBE-SAFEA1.1.2.2
2025-04-30 16:45:34,414 [WARN] PackLoader:240 - Cannot read IP mode file for STMicroelectronics.X-CUBE-NFC4.3.0.0
2025-04-30 16:45:34,437 [WARN] PackLoader:240 - Cannot read IP mode file for STMicroelectronics.X-CUBE-TCPP.4.2.0
2025-04-30 16:45:34,445 [WARN] PackLoader:240 - Cannot read IP mode file for STMicroelectronics.FP-ATR-SIGFOX1.3.2.0
2025-04-30 16:45:34,454 [WARN] PackLoader:240 - Cannot read IP mode file for STMicroelectronics.X-CUBE-EEPRMA1.5.1.0
2025-04-30 16:45:34,466 [WARN] PackLoader:240 - Cannot read IP mode file for STMicroelectronics.X-CUBE-ALGOBUILD.1.4.0
2025-04-30 16:45:34,616 [WARN] PackLoader:240 - Cannot read IP mode file for STMicroelectronics.X-CUBE-AZRTOS-F4.1.1.0
2025-04-30 16:45:34,632 [WARN] PackLoader:240 - Cannot read IP mode file for STMicroelectronics.X-CUBE-ISPU.2.1.0
2025-04-30 16:45:34,660 [WARN] PackLoader:240 - Cannot read IP mode file for STMicroelectronics.X-CUBE-AZRTOS-L5.2.0.0
2025-04-30 16:45:34,681 [WARN] PackLoader:240 - Cannot read IP mode file for STMicroelectronics.X-CUBE-NFC6.3.1.0
2025-04-30 16:45:34,702 [WARN] PackLoader:240 - Cannot read IP mode file for STMicroelectronics.X-CUBE-DPower.1.2.0
2025-04-30 16:45:34,709 [WARN] PackLoader:240 - Cannot read IP mode file for STMicroelectronics.X-CUBE-FREERTOS.1.3.0
2025-04-30 16:45:34,717 [WARN] PackLoader:240 - Cannot read IP mode file for STMicroelectronics.X-CUBE-NFC7.1.0.1
2025-04-30 16:45:34,740 [WARN] ConditionMgr:438 - getConditionDescription Invalid condition id : LAN8742 Phy interface Condition cause : null
2025-04-30 16:45:34,741 [WARN] PackLoader:240 - Cannot read IP mode file for STMicroelectronics.X-CUBE-AZRTOS-L4.2.0.0
2025-04-30 16:45:34,743 [WARN] ConditionMgr:1044 - genDependencies : Invalid condition id : LAN8742 Phy interface Condition cause : null
2025-04-30 16:45:34,743 [WARN] ConditionMgr:1044 - genDependencies : Invalid condition id : LAN8742 Phy interface Condition cause : null
2025-04-30 16:45:34,743 [WARN] ConditionMgr:1044 - genDependencies : Invalid condition id : LAN8742 Phy interface Condition cause : null
2025-04-30 16:45:34,753 [WARN] PackLoader:240 - Cannot read IP mode file for STMicroelectronics.X-CUBE-SFXS2LP1.4.0.0
2025-04-30 16:45:34,773 [WARN] PackLoader:240 - Cannot read IP mode file for STMicroelectronics.X-CUBE-AZRTOS-H7.3.3.0
2025-04-30 16:45:34,792 [WARN] ConditionMgr:438 - getConditionDescription Invalid condition id : UX DEVICE CLASS RTOS Condition cause : null
2025-04-30 16:45:34,793 [WARN] ConditionMgr:438 - getConditionDescription Invalid condition id : UX DEVICE CLASS RTOS Condition cause : null
2025-04-30 16:45:34,796 [WARN] PackLoader:240 - Cannot read IP mode file for STMicroelectronics.X-CUBE-AZRTOS-WB.2.0.0
2025-04-30 16:45:34,798 [WARN] ConditionMgr:1044 - genDependencies : Invalid condition id : UX DEVICE CLASS RTOS Condition cause : null
2025-04-30 16:45:34,799 [WARN] ConditionMgr:1044 - genDependencies : Invalid condition id : UX DEVICE CLASS RTOS Condition cause : null
2025-04-30 16:45:34,799 [WARN] ConditionMgr:1044 - genDependencies : Invalid condition id : UX DEVICE CLASS RTOS Condition cause : null
2025-04-30 16:45:34,800 [WARN] ConditionMgr:1044 - genDependencies : Invalid condition id : UX DEVICE CLASS RTOS Condition cause : null
2025-04-30 16:45:34,800 [WARN] ConditionMgr:1044 - genDependencies : Invalid condition id : UX DEVICE CLASS RTOS Condition cause : null
2025-04-30 16:45:34,809 [WARN] PackLoader:240 - Cannot read IP mode file for STMicroelectronics.X-CUBE-GNSS1.7.0.1
2025-04-30 16:45:34,820 [WARN] PackLoader:240 - Cannot read IP mode file for STMicroelectronics.FP-SNS-STBOX1.2.0.0
2025-04-30 16:45:34,841 [WARN] PackLoader:240 - Cannot read IP mode file for STMicroelectronics.X-CUBE-SUBG2.5.0.0
2025-04-30 16:45:34,873 [WARN] PackLoader:240 - Cannot read IP mode file for STMicroelectronics.X-CUBE-AZRTOS-G4.2.0.0
2025-04-30 16:45:34,891 [WARN] PackLoader:240 - Cannot read IP mode file for STMicroelectronics.X-CUBE-IPS.3.1.0
2025-04-30 16:45:34,902 [WARN] PackLoader:240 - Cannot read IP mode file for STMicroelectronics.X-CUBE-ALS.1.0.2
2025-04-30 16:45:34,926 [WARN] PackLoader:240 - Cannot read IP mode file for STMicroelectronics.X-CUBE-AZRTOS-H7RS.1.0.0
2025-04-30 16:45:34,943 [WARN] PackLoader:240 - Cannot read IP mode file for STMicroelectronics.X-CUBE-TOF1.3.4.2
2025-04-30 16:45:34,959 [INFO] ThirdParty:978 - Integrity check success = true
2025-04-30 16:45:34,959 [INFO] IntegrityCheckThread:100 - exiting critical section [integrity check]
2025-04-30 16:45:34,959 [INFO] IntegrityCheckThread:103 - End integrity checks thread
2025-04-30 17:00:58,950 [INFO] WebApp:194 - Connection lost
2025-04-30 17:00:59,714 [INFO] WebApp:191 - Connection restablished
2025-04-30 17:02:39,875 [INFO] WebApp:194 - Connection lost
2025-04-30 17:02:41,732 [INFO] WebApp:191 - Connection restablished
2025-04-30 17:02:41,869 [INFO] WebApp:194 - Connection lost
2025-04-30 17:02:42,235 [INFO] WebApp:191 - Connection restablished
2025-04-30 18:39:36,669 [ERROR] LogOutputStream:75 - [STDERR_REDIRECT] 
